<?xml version="1.0" encoding="UTF-8"?>
<!-- Generated by org.testng.reporters.JUnitReportReporter -->
<testsuite hostname="DESKTOP-AA4PKFL" failures="0" tests="1" name="TESTSCRIPT.AddCartProduct" time="453.000" errors="0" timestamp="2023-12-19T16:06:25 IST" skipped="0">
  <testcase classname="TESTSCRIPT.AddCartProduct" name="addCartPage" time="453.000"/>
  <system-out/>
</testsuite> <!-- TESTSCRIPT.AddCartProduct -->
